  App.cpp
D:\Study\Хакатон Турнир 3х городов 2020\DeltaSigma 4.0 2020\App\gnuplot-cpp\gnuplot_i.hpp(954,1): warning C4297: Gnuplot::~Gnuplot: ожидается, что функция не будет выдавать исключения, но она это делает
D:\Study\Хакатон Турнир 3х городов 2020\DeltaSigma 4.0 2020\App\gnuplot-cpp\gnuplot_i.hpp(954,1): message : деструктор или метод отмены выделения имеет (возможно, неявно) спецификацию, не предусматривающую создание исключений
D:\Study\Хакатон Турнир 3х городов 2020\DeltaSigma 4.0 2020\App\gnuplot-cpp\gnuplot_i.hpp(1600,28): warning C4018: <: несоответствие типов со знаком и без знака
D:\Study\Хакатон Турнир 3х городов 2020\DeltaSigma 4.0 2020\App\gnuplot-cpp\gnuplot_i.hpp(1602,38): warning C4018: <: несоответствие типов со знаком и без знака
D:\Study\Хакатон Турнир 3х городов 2020\DeltaSigma 4.0 2020\App\gnuplot-cpp\gnuplot_i.hpp(1954,52): warning C4267: -=: преобразование из "size_t" в "int"; возможна потеря данных
D:\Study\Хакатон Турнир 3х городов 2020\DeltaSigma 4.0 2020\App\App.cpp(248,64): warning C4244: аргумент: преобразование "float" в "const unsigned __int64", возможна потеря данных
D:\Study\Хакатон Турнир 3х городов 2020\DeltaSigma 4.0 2020\App\App.cpp(248,98): warning C4244: аргумент: преобразование "double" в "float", возможна потеря данных
D:\Study\Хакатон Турнир 3х городов 2020\DeltaSigma 4.0 2020\App\App.cpp(249,64): warning C4244: аргумент: преобразование "float" в "const unsigned __int64", возможна потеря данных
D:\Study\Хакатон Турнир 3х городов 2020\DeltaSigma 4.0 2020\App\App.cpp(249,98): warning C4244: аргумент: преобразование "double" в "float", возможна потеря данных
D:\Study\Хакатон Турнир 3х городов 2020\DeltaSigma 4.0 2020\App\App.cpp(250,35): warning C4305: инициализация: усечение из "double" в "float"
D:\Study\Хакатон Турнир 3х городов 2020\DeltaSigma 4.0 2020\App\App.cpp(257,81): warning C4244: аргумент: преобразование "float" в "const unsigned __int64", возможна потеря данных
D:\Study\Хакатон Турнир 3х городов 2020\DeltaSigma 4.0 2020\App\App.cpp(258,75): warning C4244: аргумент: преобразование "float" в "const unsigned __int64", возможна потеря данных
D:\Study\Хакатон Турнир 3х городов 2020\DeltaSigma 4.0 2020\App\App.cpp(259,75): warning C4244: аргумент: преобразование "float" в "const unsigned __int64", возможна потеря данных
D:\Study\Хакатон Турнир 3х городов 2020\DeltaSigma 4.0 2020\App\App.cpp(260,53): warning C4244: аргумент: преобразование "double" в "float", возможна потеря данных
D:\Study\Хакатон Турнир 3х городов 2020\DeltaSigma 4.0 2020\App\App.cpp(276,77): warning C4244: аргумент: преобразование "float" в "const unsigned __int64", возможна потеря данных
D:\Study\Хакатон Турнир 3х городов 2020\DeltaSigma 4.0 2020\App\App.cpp(277,79): warning C4244: аргумент: преобразование "float" в "const unsigned __int64", возможна потеря данных
D:\Study\Хакатон Турнир 3х городов 2020\DeltaSigma 4.0 2020\App\App.cpp(278,79): warning C4244: аргумент: преобразование "float" в "const unsigned __int64", возможна потеря данных
D:\Study\Хакатон Турнир 3х городов 2020\DeltaSigma 4.0 2020\App\App.cpp(279,53): warning C4244: аргумент: преобразование "double" в "float", возможна потеря данных
  Создание кода
  1 of 1084 functions (<0.1%) were compiled, the rest were copied from previous compilation.
    0 functions were new in current compilation
    0 functions had inline decision re-evaluated but remain unchanged
  Создание кода завершено
  App.vcxproj -> D:\Study\Хакатон Турнир 3х городов 2020\DeltaSigma 4.0 2020\x64\Release\App.exe
